{"/Users/joseortiz/Documents/prueba_sf/calculator-service/app.js": {"path":"/Users/joseortiz/Documents/prueba_sf/calculator-service/app.js","statementMap":{"0":{"start":{"line":1,"column":0},"end":{"line":1,"column":27}},"1":{"start":{"line":2,"column":14},"end":{"line":2,"column":32}},"2":{"start":{"line":3,"column":19},"end":{"line":3,"column":43}},"3":{"start":{"line":4,"column":13},"end":{"line":4,"column":30}},"4":{"start":{"line":5,"column":13},"end":{"line":5,"column":30}},"5":{"start":{"line":6,"column":0},"end":{"line":6,"column":32}},"6":{"start":{"line":7,"column":0},"end":{"line":7,"column":20}},"7":{"start":{"line":8,"column":18},"end":{"line":8,"column":59}},"8":{"start":{"line":10,"column":0},"end":{"line":10,"column":20}},"9":{"start":{"line":11,"column":0},"end":{"line":11,"column":28}},"10":{"start":{"line":12,"column":0},"end":{"line":12,"column":36}},"11":{"start":{"line":14,"column":10},"end":{"line":14,"column":19}},"12":{"start":{"line":16,"column":0},"end":{"line":16,"column":26}},"13":{"start":{"line":17,"column":0},"end":{"line":17,"column":24}},"14":{"start":{"line":18,"column":0},"end":{"line":18,"column":49}},"15":{"start":{"line":19,"column":0},"end":{"line":19,"column":24}},"16":{"start":{"line":21,"column":0},"end":{"line":21,"column":26}},"17":{"start":{"line":23,"column":0},"end":{"line":23,"column":21}}},"fnMap":{},"branchMap":{},"s":{"0":1,"1":1,"2":1,"3":1,"4":1,"5":1,"6":1,"7":1,"8":1,"9":1,"10":1,"11":1,"12":1,"13":1,"14":1,"15":1,"16":1,"17":1},"f":{},"b":{},"_coverageSchema":"1a1c01bbd47fc00a2c39e90264f33305004495a9","hash":"b4ba81d6e12494e3c3e40e312e1dbbdd9f7de036"}
,"/Users/joseortiz/Documents/prueba_sf/calculator-service/src/business/calculatorController.js": {"path":"/Users/joseortiz/Documents/prueba_sf/calculator-service/src/business/calculatorController.js","statementMap":{"0":{"start":{"line":2,"column":29},"end":{"line":2,"column":79}},"1":{"start":{"line":4,"column":13},"end":{"line":13,"column":1}},"2":{"start":{"line":5,"column":18},"end":{"line":5,"column":20}},"3":{"start":{"line":6,"column":4},"end":{"line":8,"column":5}},"4":{"start":{"line":7,"column":8},"end":{"line":7,"column":61}},"5":{"start":{"line":9,"column":19},"end":{"line":9,"column":79}},"6":{"start":{"line":9,"column":71},"end":{"line":9,"column":78}},"7":{"start":{"line":10,"column":4},"end":{"line":10,"column":73}},"8":{"start":{"line":10,"column":40},"end":{"line":10,"column":49}},"9":{"start":{"line":10,"column":62},"end":{"line":10,"column":71}},"10":{"start":{"line":11,"column":4},"end":{"line":11,"column":46}},"11":{"start":{"line":15,"column":25},"end":{"line":27,"column":1}},"12":{"start":{"line":16,"column":4},"end":{"line":26,"column":5}},"13":{"start":{"line":17,"column":25},"end":{"line":17,"column":57}},"14":{"start":{"line":18,"column":20},"end":{"line":18,"column":41}},"15":{"start":{"line":19,"column":8},"end":{"line":22,"column":9}},"16":{"start":{"line":20,"column":12},"end":{"line":20,"column":64}},"17":{"start":{"line":21,"column":12},"end":{"line":21,"column":42}},"18":{"start":{"line":23,"column":8},"end":{"line":23,"column":63}},"19":{"start":{"line":25,"column":8},"end":{"line":25,"column":21}},"20":{"start":{"line":29,"column":30},"end":{"line":34,"column":1}},"21":{"start":{"line":30,"column":4},"end":{"line":32,"column":39}},"22":{"start":{"line":32,"column":18},"end":{"line":32,"column":37}},"23":{"start":{"line":33,"column":4},"end":{"line":33,"column":21}},"24":{"start":{"line":36,"column":18},"end":{"line":59,"column":1}},"25":{"start":{"line":37,"column":19},"end":{"line":37,"column":41}},"26":{"start":{"line":38,"column":19},"end":{"line":38,"column":41}},"27":{"start":{"line":39,"column":19},"end":{"line":39,"column":41}},"28":{"start":{"line":40,"column":19},"end":{"line":40,"column":41}},"29":{"start":{"line":41,"column":16},"end":{"line":41,"column":47}},"30":{"start":{"line":42,"column":22},"end":{"line":42,"column":24}},"31":{"start":{"line":43,"column":4},"end":{"line":45,"column":5}},"32":{"start":{"line":44,"column":8},"end":{"line":44,"column":49}},"33":{"start":{"line":46,"column":4},"end":{"line":48,"column":5}},"34":{"start":{"line":47,"column":8},"end":{"line":47,"column":49}},"35":{"start":{"line":49,"column":4},"end":{"line":51,"column":5}},"36":{"start":{"line":50,"column":8},"end":{"line":50,"column":49}},"37":{"start":{"line":52,"column":4},"end":{"line":54,"column":5}},"38":{"start":{"line":53,"column":8},"end":{"line":53,"column":49}},"39":{"start":{"line":55,"column":4},"end":{"line":57,"column":5}},"40":{"start":{"line":56,"column":8},"end":{"line":56,"column":47}},"41":{"start":{"line":58,"column":4},"end":{"line":58,"column":17}},"42":{"start":{"line":61,"column":23},"end":{"line":70,"column":1}},"43":{"start":{"line":62,"column":4},"end":{"line":69,"column":5}},"44":{"start":{"line":63,"column":24},"end":{"line":63,"column":59}},"45":{"start":{"line":64,"column":21},"end":{"line":64,"column":68}},"46":{"start":{"line":65,"column":8},"end":{"line":65,"column":50}},"47":{"start":{"line":66,"column":8},"end":{"line":66,"column":28}},"48":{"start":{"line":68,"column":8},"end":{"line":68,"column":16}},"49":{"start":{"line":72,"column":0},"end":{"line":72,"column":26}}},"fnMap":{"0":{"name":"(anonymous_0)","decl":{"start":{"line":4,"column":13},"end":{"line":4,"column":14}},"loc":{"start":{"line":4,"column":37},"end":{"line":13,"column":1}},"line":4},"1":{"name":"(anonymous_1)","decl":{"start":{"line":9,"column":58},"end":{"line":9,"column":59}},"loc":{"start":{"line":9,"column":71},"end":{"line":9,"column":78}},"line":9},"2":{"name":"(anonymous_2)","decl":{"start":{"line":10,"column":31},"end":{"line":10,"column":32}},"loc":{"start":{"line":10,"column":40},"end":{"line":10,"column":49}},"line":10},"3":{"name":"(anonymous_3)","decl":{"start":{"line":10,"column":55},"end":{"line":10,"column":56}},"loc":{"start":{"line":10,"column":62},"end":{"line":10,"column":71}},"line":10},"4":{"name":"(anonymous_4)","decl":{"start":{"line":15,"column":25},"end":{"line":15,"column":26}},"loc":{"start":{"line":15,"column":46},"end":{"line":27,"column":1}},"line":15},"5":{"name":"(anonymous_5)","decl":{"start":{"line":29,"column":30},"end":{"line":29,"column":31}},"loc":{"start":{"line":29,"column":45},"end":{"line":34,"column":1}},"line":29},"6":{"name":"(anonymous_6)","decl":{"start":{"line":32,"column":13},"end":{"line":32,"column":14}},"loc":{"start":{"line":32,"column":18},"end":{"line":32,"column":37}},"line":32},"7":{"name":"(anonymous_7)","decl":{"start":{"line":36,"column":18},"end":{"line":36,"column":19}},"loc":{"start":{"line":36,"column":33},"end":{"line":59,"column":1}},"line":36},"8":{"name":"(anonymous_8)","decl":{"start":{"line":61,"column":23},"end":{"line":61,"column":24}},"loc":{"start":{"line":61,"column":52},"end":{"line":70,"column":1}},"line":61}},"branchMap":{"0":{"loc":{"start":{"line":43,"column":4},"end":{"line":45,"column":5}},"type":"if","locations":[{"start":{"line":43,"column":4},"end":{"line":45,"column":5}},{"start":{"line":43,"column":4},"end":{"line":45,"column":5}}],"line":43},"1":{"loc":{"start":{"line":46,"column":4},"end":{"line":48,"column":5}},"type":"if","locations":[{"start":{"line":46,"column":4},"end":{"line":48,"column":5}},{"start":{"line":46,"column":4},"end":{"line":48,"column":5}}],"line":46},"2":{"loc":{"start":{"line":46,"column":8},"end":{"line":46,"column":56}},"type":"binary-expr","locations":[{"start":{"line":46,"column":8},"end":{"line":46,"column":30}},{"start":{"line":46,"column":34},"end":{"line":46,"column":56}}],"line":46},"3":{"loc":{"start":{"line":49,"column":4},"end":{"line":51,"column":5}},"type":"if","locations":[{"start":{"line":49,"column":4},"end":{"line":51,"column":5}},{"start":{"line":49,"column":4},"end":{"line":51,"column":5}}],"line":49},"4":{"loc":{"start":{"line":49,"column":8},"end":{"line":49,"column":82}},"type":"binary-expr","locations":[{"start":{"line":49,"column":8},"end":{"line":49,"column":30}},{"start":{"line":49,"column":34},"end":{"line":49,"column":56}},{"start":{"line":49,"column":60},"end":{"line":49,"column":82}}],"line":49},"5":{"loc":{"start":{"line":52,"column":4},"end":{"line":54,"column":5}},"type":"if","locations":[{"start":{"line":52,"column":4},"end":{"line":54,"column":5}},{"start":{"line":52,"column":4},"end":{"line":54,"column":5}}],"line":52},"6":{"loc":{"start":{"line":52,"column":8},"end":{"line":52,"column":108}},"type":"binary-expr","locations":[{"start":{"line":52,"column":8},"end":{"line":52,"column":30}},{"start":{"line":52,"column":34},"end":{"line":52,"column":56}},{"start":{"line":52,"column":60},"end":{"line":52,"column":82}},{"start":{"line":52,"column":86},"end":{"line":52,"column":108}}],"line":52},"7":{"loc":{"start":{"line":55,"column":4},"end":{"line":57,"column":5}},"type":"if","locations":[{"start":{"line":55,"column":4},"end":{"line":57,"column":5}},{"start":{"line":55,"column":4},"end":{"line":57,"column":5}}],"line":55}},"s":{"0":1,"1":1,"2":4,"3":4,"4":4,"5":4,"6":4,"7":4,"8":4,"9":4,"10":4,"11":1,"12":4,"13":4,"14":4,"15":4,"16":4,"17":4,"18":4,"19":0,"20":1,"21":4,"22":12,"23":4,"24":1,"25":8,"26":8,"27":8,"28":8,"29":8,"30":8,"31":8,"32":1,"33":8,"34":1,"35":8,"36":1,"37":8,"38":1,"39":8,"40":4,"41":8,"42":1,"43":4,"44":4,"45":4,"46":4,"47":4,"48":0,"49":1},"f":{"0":4,"1":4,"2":4,"3":4,"4":4,"5":4,"6":12,"7":8,"8":4},"b":{"0":[1,7],"1":[1,7],"2":[8,1],"3":[1,7],"4":[8,1,1],"5":[1,7],"6":[8,1,1,1],"7":[4,4]},"_coverageSchema":"1a1c01bbd47fc00a2c39e90264f33305004495a9","hash":"06b90f06bd864044363a1b5d656523965b35508a"}
,"/Users/joseortiz/Documents/prueba_sf/calculator-service/src/business/utils/solveRequestValidations.js": {"path":"/Users/joseortiz/Documents/prueba_sf/calculator-service/src/business/utils/solveRequestValidations.js","statementMap":{"0":{"start":{"line":1,"column":41},"end":{"line":1,"column":69}},"1":{"start":{"line":3,"column":30},"end":{"line":8,"column":1}},"2":{"start":{"line":4,"column":2},"end":{"line":7,"column":3}},"3":{"start":{"line":6,"column":67},"end":{"line":6,"column":91}},"4":{"start":{"line":10,"column":23},"end":{"line":17,"column":1}},"5":{"start":{"line":11,"column":19},"end":{"line":11,"column":40}},"6":{"start":{"line":12,"column":4},"end":{"line":14,"column":5}},"7":{"start":{"line":13,"column":8},"end":{"line":13,"column":22}},"8":{"start":{"line":16,"column":4},"end":{"line":16,"column":105}},"9":{"start":{"line":19,"column":0},"end":{"line":19,"column":62}}},"fnMap":{"0":{"name":"(anonymous_0)","decl":{"start":{"line":3,"column":30},"end":{"line":3,"column":31}},"loc":{"start":{"line":3,"column":36},"end":{"line":8,"column":1}},"line":3},"1":{"name":"(anonymous_1)","decl":{"start":{"line":6,"column":58},"end":{"line":6,"column":59}},"loc":{"start":{"line":6,"column":67},"end":{"line":6,"column":91}},"line":6},"2":{"name":"(anonymous_2)","decl":{"start":{"line":10,"column":23},"end":{"line":10,"column":24}},"loc":{"start":{"line":10,"column":43},"end":{"line":17,"column":1}},"line":10}},"branchMap":{"0":{"loc":{"start":{"line":12,"column":4},"end":{"line":14,"column":5}},"type":"if","locations":[{"start":{"line":12,"column":4},"end":{"line":14,"column":5}},{"start":{"line":12,"column":4},"end":{"line":14,"column":5}}],"line":12}},"s":{"0":1,"1":1,"2":1,"3":5,"4":1,"5":5,"6":5,"7":4,"8":1,"9":1},"f":{"0":1,"1":5,"2":5},"b":{"0":[4,1]},"_coverageSchema":"1a1c01bbd47fc00a2c39e90264f33305004495a9","hash":"07435e98e81cad644dbc511ec1609aa8da50eb76"}
,"/Users/joseortiz/Documents/prueba_sf/calculator-service/src/client/routes/calculator.js": {"path":"/Users/joseortiz/Documents/prueba_sf/calculator-service/src/client/routes/calculator.js","statementMap":{"0":{"start":{"line":1,"column":14},"end":{"line":1,"column":32}},"1":{"start":{"line":2,"column":13},"end":{"line":2,"column":29}},"2":{"start":{"line":3,"column":15},"end":{"line":3,"column":61}},"3":{"start":{"line":4,"column":51},"end":{"line":4,"column":106}},"4":{"start":{"line":5,"column":0},"end":{"line":8,"column":3}},"5":{"start":{"line":6,"column":15},"end":{"line":6,"column":46}},"6":{"start":{"line":7,"column":2},"end":{"line":7,"column":39}},"7":{"start":{"line":10,"column":0},"end":{"line":10,"column":24}}},"fnMap":{"0":{"name":"(anonymous_0)","decl":{"start":{"line":5,"column":72},"end":{"line":5,"column":73}},"loc":{"start":{"line":5,"column":92},"end":{"line":8,"column":1}},"line":5}},"branchMap":{},"s":{"0":1,"1":1,"2":1,"3":1,"4":1,"5":4,"6":4,"7":1},"f":{"0":4},"b":{},"_coverageSchema":"1a1c01bbd47fc00a2c39e90264f33305004495a9","hash":"e2dfd0742714c05c72499d86a4f8f95d1c3b7566"}
,"/Users/joseortiz/Documents/prueba_sf/calculator-service/src/data/dto/operationsReqDTO.js": {"path":"/Users/joseortiz/Documents/prueba_sf/calculator-service/src/data/dto/operationsReqDTO.js","statementMap":{"0":{"start":{"line":1,"column":28},"end":{"line":7,"column":1}},"1":{"start":{"line":2,"column":4},"end":{"line":2,"column":26}},"2":{"start":{"line":3,"column":4},"end":{"line":3,"column":58}},"3":{"start":{"line":3,"column":40},"end":{"line":3,"column":56}},"4":{"start":{"line":4,"column":4},"end":{"line":6,"column":5}},"5":{"start":{"line":9,"column":0},"end":{"line":9,"column":41}}},"fnMap":{"0":{"name":"(anonymous_0)","decl":{"start":{"line":1,"column":28},"end":{"line":1,"column":29}},"loc":{"start":{"line":1,"column":43},"end":{"line":7,"column":1}},"line":1},"1":{"name":"(anonymous_1)","decl":{"start":{"line":3,"column":30},"end":{"line":3,"column":31}},"loc":{"start":{"line":3,"column":40},"end":{"line":3,"column":56}},"line":3}},"branchMap":{},"s":{"0":1,"1":4,"2":4,"3":8,"4":4,"5":1},"f":{"0":4,"1":8},"b":{},"_coverageSchema":"1a1c01bbd47fc00a2c39e90264f33305004495a9","hash":"24e2ebb331e7ec59f4c2a6693ffde2b365e02207"}
,"/Users/joseortiz/Documents/prueba_sf/calculator-service/src/data/repository/divisionRepository.js": {"path":"/Users/joseortiz/Documents/prueba_sf/calculator-service/src/data/repository/divisionRepository.js","statementMap":{"0":{"start":{"line":1,"column":14},"end":{"line":1,"column":30}},"1":{"start":{"line":3,"column":22},"end":{"line":11,"column":1}},"2":{"start":{"line":4,"column":4},"end":{"line":10,"column":5}},"3":{"start":{"line":5,"column":23},"end":{"line":5,"column":69}},"4":{"start":{"line":6,"column":8},"end":{"line":6,"column":36}},"5":{"start":{"line":8,"column":8},"end":{"line":8,"column":29}},"6":{"start":{"line":9,"column":8},"end":{"line":9,"column":79}},"7":{"start":{"line":13,"column":0},"end":{"line":13,"column":37}}},"fnMap":{"0":{"name":"(anonymous_0)","decl":{"start":{"line":3,"column":22},"end":{"line":3,"column":23}},"loc":{"start":{"line":3,"column":50},"end":{"line":11,"column":1}},"line":3}},"branchMap":{},"s":{"0":1,"1":1,"2":1,"3":1,"4":1,"5":0,"6":0,"7":1},"f":{"0":1},"b":{},"_coverageSchema":"1a1c01bbd47fc00a2c39e90264f33305004495a9","hash":"c5917c9e3c7a158b0f048703f33ea784c358d994"}
,"/Users/joseortiz/Documents/prueba_sf/calculator-service/src/data/repository/multiplicationRepository.js": {"path":"/Users/joseortiz/Documents/prueba_sf/calculator-service/src/data/repository/multiplicationRepository.js","statementMap":{"0":{"start":{"line":1,"column":14},"end":{"line":1,"column":30}},"1":{"start":{"line":3,"column":28},"end":{"line":11,"column":1}},"2":{"start":{"line":4,"column":4},"end":{"line":10,"column":5}},"3":{"start":{"line":5,"column":23},"end":{"line":5,"column":70}},"4":{"start":{"line":6,"column":8},"end":{"line":6,"column":36}},"5":{"start":{"line":8,"column":8},"end":{"line":8,"column":21}},"6":{"start":{"line":9,"column":8},"end":{"line":9,"column":79}},"7":{"start":{"line":13,"column":0},"end":{"line":13,"column":43}}},"fnMap":{"0":{"name":"(anonymous_0)","decl":{"start":{"line":3,"column":28},"end":{"line":3,"column":29}},"loc":{"start":{"line":3,"column":56},"end":{"line":11,"column":1}},"line":3}},"branchMap":{},"s":{"0":1,"1":1,"2":1,"3":1,"4":1,"5":0,"6":0,"7":1},"f":{"0":1},"b":{},"_coverageSchema":"1a1c01bbd47fc00a2c39e90264f33305004495a9","hash":"973f83b4b203a01ac709f5bb52a9b905defd169c"}
,"/Users/joseortiz/Documents/prueba_sf/calculator-service/src/data/repository/operationsRepository.js": {"path":"/Users/joseortiz/Documents/prueba_sf/calculator-service/src/data/repository/operationsRepository.js","statementMap":{"0":{"start":{"line":1,"column":23},"end":{"line":1,"column":49}},"1":{"start":{"line":2,"column":34},"end":{"line":2,"column":71}},"2":{"start":{"line":3,"column":28},"end":{"line":3,"column":59}},"3":{"start":{"line":4,"column":31},"end":{"line":4,"column":65}},"4":{"start":{"line":5,"column":32},"end":{"line":5,"column":66}},"5":{"start":{"line":7,"column":23},"end":{"line":20,"column":1}},"6":{"start":{"line":8,"column":4},"end":{"line":19,"column":3}},"7":{"start":{"line":10,"column":10},"end":{"line":10,"column":70}},"8":{"start":{"line":12,"column":10},"end":{"line":12,"column":80}},"9":{"start":{"line":14,"column":10},"end":{"line":14,"column":74}},"10":{"start":{"line":16,"column":10},"end":{"line":16,"column":77}},"11":{"start":{"line":18,"column":10},"end":{"line":18,"column":81}},"12":{"start":{"line":22,"column":0},"end":{"line":22,"column":38}}},"fnMap":{"0":{"name":"(anonymous_0)","decl":{"start":{"line":7,"column":23},"end":{"line":7,"column":24}},"loc":{"start":{"line":7,"column":54},"end":{"line":20,"column":1}},"line":7}},"branchMap":{"0":{"loc":{"start":{"line":8,"column":4},"end":{"line":19,"column":3}},"type":"switch","locations":[{"start":{"line":9,"column":6},"end":{"line":10,"column":70}},{"start":{"line":11,"column":6},"end":{"line":12,"column":80}},{"start":{"line":13,"column":6},"end":{"line":14,"column":74}},{"start":{"line":15,"column":6},"end":{"line":16,"column":77}},{"start":{"line":17,"column":6},"end":{"line":18,"column":81}}],"line":8}},"s":{"0":1,"1":1,"2":1,"3":1,"4":1,"5":1,"6":4,"7":1,"8":1,"9":1,"10":1,"11":0,"12":1},"f":{"0":4},"b":{"0":[1,1,1,1,0]},"_coverageSchema":"1a1c01bbd47fc00a2c39e90264f33305004495a9","hash":"fd9bcabb59f93edd26e2203ec3b62414585f9313"}
,"/Users/joseortiz/Documents/prueba_sf/calculator-service/src/data/repository/subtractionRepository.js": {"path":"/Users/joseortiz/Documents/prueba_sf/calculator-service/src/data/repository/subtractionRepository.js","statementMap":{"0":{"start":{"line":1,"column":14},"end":{"line":1,"column":30}},"1":{"start":{"line":3,"column":25},"end":{"line":11,"column":1}},"2":{"start":{"line":4,"column":4},"end":{"line":10,"column":5}},"3":{"start":{"line":5,"column":23},"end":{"line":5,"column":69}},"4":{"start":{"line":6,"column":8},"end":{"line":6,"column":36}},"5":{"start":{"line":8,"column":8},"end":{"line":8,"column":21}},"6":{"start":{"line":9,"column":8},"end":{"line":9,"column":69}},"7":{"start":{"line":13,"column":0},"end":{"line":13,"column":40}}},"fnMap":{"0":{"name":"(anonymous_0)","decl":{"start":{"line":3,"column":25},"end":{"line":3,"column":26}},"loc":{"start":{"line":3,"column":53},"end":{"line":11,"column":1}},"line":3}},"branchMap":{},"s":{"0":1,"1":1,"2":1,"3":1,"4":1,"5":0,"6":0,"7":1},"f":{"0":1},"b":{},"_coverageSchema":"1a1c01bbd47fc00a2c39e90264f33305004495a9","hash":"dee61a354c3c0450c73245168bccebd2a9926ac4"}
,"/Users/joseortiz/Documents/prueba_sf/calculator-service/src/data/repository/sumRepository.js": {"path":"/Users/joseortiz/Documents/prueba_sf/calculator-service/src/data/repository/sumRepository.js","statementMap":{"0":{"start":{"line":1,"column":14},"end":{"line":1,"column":30}},"1":{"start":{"line":3,"column":17},"end":{"line":11,"column":1}},"2":{"start":{"line":4,"column":4},"end":{"line":10,"column":5}},"3":{"start":{"line":5,"column":23},"end":{"line":5,"column":69}},"4":{"start":{"line":6,"column":8},"end":{"line":6,"column":36}},"5":{"start":{"line":8,"column":8},"end":{"line":8,"column":21}},"6":{"start":{"line":9,"column":8},"end":{"line":9,"column":79}},"7":{"start":{"line":13,"column":0},"end":{"line":13,"column":32}}},"fnMap":{"0":{"name":"(anonymous_0)","decl":{"start":{"line":3,"column":17},"end":{"line":3,"column":18}},"loc":{"start":{"line":3,"column":45},"end":{"line":11,"column":1}},"line":3}},"branchMap":{},"s":{"0":1,"1":1,"2":1,"3":1,"4":1,"5":0,"6":0,"7":1},"f":{"0":1},"b":{},"_coverageSchema":"1a1c01bbd47fc00a2c39e90264f33305004495a9","hash":"413001e53ff86d108849d6fae18dd1a4dfe4863c"}
,"/Users/joseortiz/Documents/prueba_sf/calculator-service/test/responses/OkResponses.js": {"path":"/Users/joseortiz/Documents/prueba_sf/calculator-service/test/responses/OkResponses.js","statementMap":{"0":{"start":{"line":1,"column":18},"end":{"line":3,"column":1}},"1":{"start":{"line":5,"column":18},"end":{"line":7,"column":1}},"2":{"start":{"line":9,"column":18},"end":{"line":11,"column":1}},"3":{"start":{"line":13,"column":18},"end":{"line":15,"column":1}},"4":{"start":{"line":17,"column":0},"end":{"line":17,"column":70}}},"fnMap":{},"branchMap":{},"s":{"0":1,"1":1,"2":1,"3":1,"4":1},"f":{},"b":{},"_coverageSchema":"1a1c01bbd47fc00a2c39e90264f33305004495a9","hash":"161f185d192d896316d32b29dc6446838dd3a01a"}
}
